#
# There is insufficient memory for the Java Runtime Environment to continue.
# Native memory allocation (mmap) failed to map 199229440 bytes for Failed to commit area from 0x0000000742c00000 to 0x000000074ea00000 of length 199229440.
# Possible reasons:
#   The system is out of physical RAM or swap space
#   The process is running with CompressedOops enabled, and the Java Heap may be blocking the growth of the native heap
# Possible solutions:
#   Reduce memory load on the system
#   Increase physical memory or swap space
#   Check if swap backing store is full
#   Decrease Java heap size (-Xmx/-Xms)
#   Decrease number of Java threads
#   Decrease Java thread stack sizes (-Xss)
#   Set larger code cache with -XX:ReservedCodeCacheSize=
# This output file may be truncated or incomplete.
#
#  Out of Memory Error (./open/src/hotspot/os/windows/os_windows.cpp:3298), pid=920, tid=1888
#
# JRE version:  (11.0.23+7) (build )
# Java VM: Java HotSpot(TM) 64-Bit Server VM (11.0.23+7-LTS-222, mixed mode, sharing, tiered, compressed oops, g1 gc, windows-amd64)
# No core dump will be written. Minidumps are not enabled by default on client versions of Windows
#

---------------  S U M M A R Y ------------

Command Line: -Dfile.encoding=UTF-8 --module-path=C:\Users\Anjana\Documents\NetBeansProjects\sport\build\classes gui.Dashboard

Host: Intel(R) Core(TM) i3-7100U CPU @ 2.40GHz, 4 cores, 11G,  Windows 10 , 64 bit Build 19041 (10.0.19041.5794)
Time: Sun May 18 17:39:36 2025 Sri Lanka Standard Time elapsed time: 0.073356 seconds (0d 0h 0m 0s)

---------------  T H R E A D  ---------------

Current thread (0x00000248d8701800):  JavaThread "Unknown thread" [_thread_in_vm, id=1888, stack(0x0000004dfb700000,0x0000004dfb800000)]

Stack: [0x0000004dfb700000,0x0000004dfb800000]
Native frames: (J=compiled Java code, j=interpreted, Vv=VM code, C=native code)
V  [jvm.dll+0x65524a]
V  [jvm.dll+0x79646f]
V  [jvm.dll+0x797b39]
V  [jvm.dll+0x7981e3]
V  [jvm.dll+0x254ee5]
V  [jvm.dll+0x6525a9]
V  [jvm.dll+0x6473c5]
V  [jvm.dll+0x30f59d]
V  [jvm.dll+0x30f402]
V  [jvm.dll+0x314186]
V  [jvm.dll+0x3576e0]
V  [jvm.dll+0x357152]
V  [jvm.dll+0x2ea6c8]
V  [jvm.dll+0x2eb7e5]
V  [jvm.dll+0x76f9a7]
V  [jvm.dll+0x77128f]
V  [jvm.dll+0x364859]
V  [jvm.dll+0x75431f]
V  [jvm.dll+0x3d5c77]
V  [jvm.dll+0x3d7da1]
C  [jli.dll+0x52e7]
C  [ucrtbase.dll+0x21bb2]
C  [KERNEL32.DLL+0x17374]
C  [ntdll.dll+0x4cc91]


---------------  P R O C E S S  ---------------

Threads class SMR info:
_java_thread_list=0x00000248d65636b0, length=0, elements={
}

Java Threads: ( => current thread )

Other Threads:
  0x00000248d8718000 GCTaskThread "GC Thread#0" [stack: 0x0000004dfb900000,0x0000004dfba00000] [id=1140]
  0x00000248d875f000 ConcurrentGCThread "G1 Main Marker" [stack: 0x0000004dfba00000,0x0000004dfbb00000] [id=14456]
  0x00000248d8760800 ConcurrentGCThread "G1 Conc#0" [stack: 0x0000004dfbb00000,0x0000004dfbc00000] [id=13008]

[error occurred during error reporting (printing all threads), id 0xc0000005, EXCEPTION_ACCESS_VIOLATION (0xc0000005) at pc=0x00007ffd44c2ad87]

VM state:not at safepoint (not fully initialized)

VM Mutex/Monitor currently owned by a thread:  ([mutex/lock_event])
[0x00000248d86fed70] Heap_lock - owner thread: 0x00000248d8701800

Heap address: 0x0000000742c00000, size: 3028 MB, Compressed Oops mode: Non-zero based: 0x0000000742c00000
Narrow klass base: 0x0000000000000000, Narrow klass shift: 0

GC Heap History (0 events):
No events

Deoptimization events (0 events):
No events

Classes redefined (0 events):
No events

Internal exceptions (0 events):
No events

Events (0 events):
No events


Dynamic libraries:
0x00007ff6a16e0000 - 0x00007ff6a16f0000 	C:\Program Files\Java\jdk-11\bin\java.exe
0x00007ffde93d0000 - 0x00007ffde95c8000 	C:\Windows\SYSTEM32\ntdll.dll
0x00007ffde8c00000 - 0x00007ffde8cc2000 	C:\Windows\System32\KERNEL32.DLL
0x00007ffde6e50000 - 0x00007ffde7146000 	C:\Windows\System32\KERNELBASE.dll
0x00007ffde6af0000 - 0x00007ffde6bf0000 	C:\Windows\System32\ucrtbase.dll
0x00007ffdddc90000 - 0x00007ffdddca9000 	C:\Program Files\Java\jdk-11\bin\jli.dll
0x00007ffde8720000 - 0x00007ffde87cf000 	C:\Windows\System32\ADVAPI32.dll
0x00007ffde7b20000 - 0x00007ffde7bbe000 	C:\Windows\System32\msvcrt.dll
0x00007ffde92e0000 - 0x00007ffde937f000 	C:\Windows\System32\sechost.dll
0x00007ffde87d0000 - 0x00007ffde88f3000 	C:\Windows\System32\RPCRT4.dll
0x00007ffde7150000 - 0x00007ffde7177000 	C:\Windows\System32\bcrypt.dll
0x00007ffde8cd0000 - 0x00007ffde8e6d000 	C:\Windows\System32\USER32.dll
0x00007ffde6c80000 - 0x00007ffde6ca2000 	C:\Windows\System32\win32u.dll
0x00007ffde8a40000 - 0x00007ffde8a6b000 	C:\Windows\System32\GDI32.dll
0x00007ffde72e0000 - 0x00007ffde73fa000 	C:\Windows\System32\gdi32full.dll
0x00007ffde6cb0000 - 0x00007ffde6d4d000 	C:\Windows\System32\msvcp_win.dll
0x00007ffddfbf0000 - 0x00007ffddfc0b000 	C:\Program Files\Java\jdk-11\bin\VCRUNTIME140.dll
0x00007ffdd8620000 - 0x00007ffdd88ba000 	C:\Windows\WinSxS\amd64_microsoft.windows.common-controls_6595b64144ccf1df_6.0.19041.5794_none_60bcd33171f2783c\COMCTL32.dll
0x00007ffde0510000 - 0x00007ffde051a000 	C:\Windows\SYSTEM32\VERSION.dll
0x00007ffde7a20000 - 0x00007ffde7a4f000 	C:\Windows\System32\IMM32.DLL
0x00007ffde2630000 - 0x00007ffde263c000 	C:\Program Files\Java\jdk-11\bin\vcruntime140_1.dll
0x00007ffdbfbf0000 - 0x00007ffdbfc7e000 	C:\Program Files\Java\jdk-11\bin\msvcp140.dll
0x00007ffd44930000 - 0x00007ffd4548e000 	C:\Program Files\Java\jdk-11\bin\server\jvm.dll
0x00007ffde9380000 - 0x00007ffde9388000 	C:\Windows\System32\PSAPI.DLL
0x00007ffdda9c0000 - 0x00007ffdda9c9000 	C:\Windows\SYSTEM32\WSOCK32.dll
0x00007ffde8960000 - 0x00007ffde89cb000 	C:\Windows\System32\WS2_32.dll
0x00007ffdd9870000 - 0x00007ffdd9897000 	C:\Windows\SYSTEM32\WINMM.dll
0x00007ffde5290000 - 0x00007ffde52a2000 	C:\Windows\SYSTEM32\kernel.appcore.dll
0x00007ffddfbb0000 - 0x00007ffddfbc0000 	C:\Program Files\Java\jdk-11\bin\verify.dll
0x00007ffde47b0000 - 0x00007ffde49b1000 	C:\Windows\SYSTEM32\DBGHELP.DLL
0x00007ffddeaf0000 - 0x00007ffddeb24000 	C:\Windows\SYSTEM32\dbgcore.DLL
0x00007ffde6bf0000 - 0x00007ffde6c72000 	C:\Windows\System32\bcryptPrimitives.dll
0x00007ffdbdb70000 - 0x00007ffdbdb98000 	C:\Program Files\Java\jdk-11\bin\java.dll
0x00007ffdddc80000 - 0x00007ffdddc8a000 	C:\Program Files\Java\jdk-11\bin\jimage.dll
0x00007ffdbdb50000 - 0x00007ffdbdb67000 	C:\Program Files\Java\jdk-11\bin\zip.dll

dbghelp: loaded successfully - version: 4.0.5 - missing functions: none
symbol engine: initialized successfully - sym options: 0x614 - pdb path: .;C:\Program Files\Java\jdk-11\bin;C:\Windows\SYSTEM32;C:\Windows\WinSxS\amd64_microsoft.windows.common-controls_6595b64144ccf1df_6.0.19041.5794_none_60bcd33171f2783c;C:\Program Files\Java\jdk-11\bin\server

VM Arguments:
jvm_args: -Dfile.encoding=UTF-8 --module-path=C:\Users\Anjana\Documents\NetBeansProjects\sport\build\classes 
java_command: gui.Dashboard
java_class_path (initial): C:\Users\Anjana\Documents\NetBeansProjects\sport\lib\flatlaf-3.5.1.jar;C:\Users\Anjana\Documents\NetBeansProjects\sport\lib\mysql-connector-j-9.0.0.jar;C:\Users\Anjana\Documents\NetBeansProjects\sport\lib\absolutelayout\AbsoluteLayout.jar;C:\Users\Anjana\Documents\NetBeansProjects\sport\lib\jcalendar-1.4.jar;C:\Users\Anjana\Documents\NetBeansProjects\sport\build\classes
Launcher Type: SUN_STANDARD

[Global flags]
     intx CICompilerCount                          = 3                                         {product} {ergonomic}
     uint ConcGCThreads                            = 1                                         {product} {ergonomic}
     uint G1ConcRefinementThreads                  = 4                                         {product} {ergonomic}
   size_t G1HeapRegionSize                         = 1048576                                   {product} {ergonomic}
    uintx GCDrainStackTargetSize                   = 64                                        {product} {ergonomic}
   size_t InitialHeapSize                          = 199229440                                 {product} {ergonomic}
   size_t MarkStackSize                            = 4194304                                   {product} {ergonomic}
   size_t MaxHeapSize                              = 3175088128                                {product} {ergonomic}
   size_t MinHeapDeltaBytes                        = 1048576                                   {product} {ergonomic}
    uintx NonNMethodCodeHeapSize                   = 5830732                                {pd product} {ergonomic}
    uintx NonProfiledCodeHeapSize                  = 122913754                              {pd product} {ergonomic}
    uintx ProfiledCodeHeapSize                     = 122913754                              {pd product} {ergonomic}
    uintx ReservedCodeCacheSize                    = 251658240                              {pd product} {ergonomic}
     bool SegmentedCodeCache                       = true                                      {product} {ergonomic}
     bool UseCompressedClassPointers               = true                                 {lp64_product} {ergonomic}
     bool UseCompressedOops                        = true                                 {lp64_product} {ergonomic}
     bool UseG1GC                                  = true                                      {product} {ergonomic}
     bool UseLargePagesIndividualAllocation        = false                                  {pd product} {ergonomic}

Logging:
Log output configuration:
 #0: stdout all=warning uptime,level,tags
 #1: stderr all=off uptime,level,tags

Environment Variables:
PATH=C:\Program Files (x86)\Common Files\Oracle\Java\javapath;C:\Program Files\Common Files\Oracle\Java\javapath;C:\ProgramData\Oracle\Java\javapath;C:\Windows\system32;C:\Windows;C:\Windows\System32\Wbem;C:\Windows\System32\WindowsPowerShell\v1.0\;C:\Windows\System32\OpenSSH\;C:\Program Files\Java\jdk1.8.0_111\bin;C:\Program Files\Git\cmd;C:\Program Files\Java\jdk1.8.0_111\bin;C:\Users\Anjana\AppData\Local\Programs\Microsoft VS Code\bin
USERNAME=Anjana
OS=Windows_NT
PROCESSOR_IDENTIFIER=Intel64 Family 6 Model 142 Stepping 9, GenuineIntel



---------------  S Y S T E M  ---------------

OS: Windows 10 , 64 bit Build 19041 (10.0.19041.5794)

CPU:total 4 (initial active 4) (2 cores per cpu, 2 threads per core) family 6 model 142 stepping 9 microcode 0xb4, cmov, cx8, fxsr, mmx, sse, sse2, sse3, ssse3, sse4.1, sse4.2, popcnt, avx, avx2, aes, clmul, erms, 3dnowpref, lzcnt, ht, tsc, tscinvbit, bmi1, bmi2, adx, fma

Memory: 4k page, system-wide physical 12111M (1744M free)
TotalPageFile size 13966M (AvailPageFile size 113M)
current process WorkingSet (physical memory assigned to process): 10M, peak: 10M
current process commit charge ("private bytes"): 51M, peak: 241M

vm_info: Java HotSpot(TM) 64-Bit Server VM (11.0.23+7-LTS-222) for windows-amd64 JRE (11.0.23+7-LTS-222), built on Mar 11 2024 22:13:52 by "mach5one" with MS VC++ 17.6 (VS2022)

END.
